<?xml version="1.0" encoding="UTF-8"?>
<!-- Generated by org.testng.reporters.JUnitReportReporter -->
<testsuite skipped="0" hostname="DESKTOP-PB55K7O" name="Laba1Test" tests="13" failures="0" timestamp="02 окт 2017 19:16:34 GMT" time="0.060" errors="1">
  <testcase name="testarray33" time="0.002" classname="Laba1Test"/>
  <testcase name="testarray33" time="0.017" classname="Laba1Test"/>
  <testcase name="testboolean16" time="0.003" classname="Laba1Test"/>
  <testcase name="testwhile16" time="0.003" classname="Laba1Test"/>
  <testcase name="testinteger16" time="0.001" classname="Laba1Test"/>
  <testcase name="testboolean16" time="0.004" classname="Laba1Test"/>
  <testcase name="testinteger16" time="0.002" classname="Laba1Test"/>
  <testcase name="testbegin16" time="0.002" classname="Laba1Test"/>
  <testcase name="testbegin16" time="0.004" classname="Laba1Test"/>
  <testcase name="testbegin16" time="0.005" classname="Laba1Test"/>
  <testcase name="testif16" time="0.009" classname="Laba1Test">
    <error type="java.lang.Error" message="Unresolved compilation problem: 
	If16 cannot be resolved to a type
">
      <![CDATA[java.lang.Error: Unresolved compilation problem: 
	If16 cannot be resolved to a type

	at Laba1Test.testif16(Laba1Test.java:104)
	at sun.reflect.NativeMethodAccessorImpl.invoke0(Native Method)
	at sun.reflect.NativeMethodAccessorImpl.invoke(Unknown Source)
	at sun.reflect.DelegatingMethodAccessorImpl.invoke(Unknown Source)
	at java.lang.reflect.Method.invoke(Unknown Source)
	at org.testng.internal.MethodInvocationHelper.invokeMethod(MethodInvocationHelper.java:108)
	at org.testng.internal.Invoker.invokeMethod(Invoker.java:669)
	at org.testng.internal.Invoker.invokeTestMethod(Invoker.java:877)
	at org.testng.internal.Invoker.invokeTestMethods(Invoker.java:1201)
	at org.testng.internal.TestMethodWorker.invokeTestMethods(TestMethodWorker.java:125)
	at org.testng.internal.TestMethodWorker.run(TestMethodWorker.java:109)
	at org.testng.TestRunner.privateRun(TestRunner.java:776)
	at org.testng.TestRunner.run(TestRunner.java:634)
	at org.testng.SuiteRunner.runTest(SuiteRunner.java:425)
	at org.testng.SuiteRunner.runSequentially(SuiteRunner.java:420)
	at org.testng.SuiteRunner.privateRun(SuiteRunner.java:385)
	at org.testng.SuiteRunner.run(SuiteRunner.java:334)
	at org.testng.SuiteRunnerWorker.runSuite(SuiteRunnerWorker.java:52)
	at org.testng.SuiteRunnerWorker.run(SuiteRunnerWorker.java:86)
	at org.testng.TestNG.runSuitesSequentially(TestNG.java:1318)
	at org.testng.TestNG.runSuitesLocally(TestNG.java:1243)
	at org.testng.TestNG.runSuites(TestNG.java:1161)
	at org.testng.TestNG.run(TestNG.java:1129)
	at org.testng.remote.AbstractRemoteTestNG.run(AbstractRemoteTestNG.java:114)
	at org.testng.remote.RemoteTestNG.initAndRun(RemoteTestNG.java:251)
	at org.testng.remote.RemoteTestNG.main(RemoteTestNG.java:77)
]]>
    </error>
  </testcase> <!-- testif16 -->
  <testcase name="testboolean16" time="0.002" classname="Laba1Test"/>
  <testcase name="testboolean16" time="0.006" classname="Laba1Test"/>
</testsuite> <!-- Laba1Test -->
