<?xml version="1.0" encoding="UTF-8"?>
<!-- Generated by org.testng.reporters.JUnitReportReporter -->
<testsuite skipped="0" hostname="DESKTOP-PB55K7O" name="testTask.Laba1Test" tests="28" failures="0" timestamp="10 окт 2017 06:11:23 GMT" time="0.050" errors="0">
  <testcase name="testcase16" time="0.001" classname="testTask.Laba1Test"/>
  <testcase name="testfor16" time="0.001" classname="testTask.Laba1Test"/>
  <testcase name="IncorrectInputTest" time="0.001" classname="testTask.Laba1Test"/>
  <testcase name="testwhile16" time="0.001" classname="testTask.Laba1Test"/>
  <testcase name="testboolean16" time="0.001" classname="testTask.Laba1Test"/>
  <testcase name="testboolean16" time="0.002" classname="testTask.Laba1Test"/>
  <testcase name="testwhile16" time="0.002" classname="testTask.Laba1Test"/>
  <testcase name="testif16" time="0.002" classname="testTask.Laba1Test"/>
  <testcase name="testboolean16" time="0.001" classname="testTask.Laba1Test"/>
  <testcase name="testif16" time="0.002" classname="testTask.Laba1Test"/>
  <testcase name="testif16" time="0.002" classname="testTask.Laba1Test"/>
  <testcase name="testinteger16" time="0.001" classname="testTask.Laba1Test"/>
  <testcase name="testinteger16" time="0.001" classname="testTask.Laba1Test"/>
  <testcase name="testbegin16" time="0.001" classname="testTask.Laba1Test"/>
  <testcase name="testcase16" time="0.001" classname="testTask.Laba1Test"/>
  <testcase name="testinteger16" time="0.001" classname="testTask.Laba1Test"/>
  <testcase name="testarray33" time="0.002" classname="testTask.Laba1Test"/>
  <testcase name="IncorrectInputTest" time="0.009" classname="testTask.Laba1Test"/>
  <testcase name="testbegin16" time="0.002" classname="testTask.Laba1Test"/>
  <testcase name="testboolean16" time="0.001" classname="testTask.Laba1Test"/>
  <testcase name="testmatrix62" time="0.002" classname="testTask.Laba1Test"/>
  <testcase name="testmatrix62" time="0.003" classname="testTask.Laba1Test"/>
  <testcase name="testcase16" time="0.002" classname="testTask.Laba1Test"/>
  <testcase name="testarray33" time="0.003" classname="testTask.Laba1Test"/>
  <testcase name="IncorrectInputTest" time="0.001" classname="testTask.Laba1Test"/>
  <testcase name="testfor16" time="0.001" classname="testTask.Laba1Test"/>
  <testcase name="testmatrix62" time="0.001" classname="testTask.Laba1Test"/>
  <testcase name="testbegin16" time="0.002" classname="testTask.Laba1Test"/>
</testsuite> <!-- testTask.Laba1Test -->
